[2023-05-12 12:30:52] Executing startup tasks
[2023-05-12 12:30:52] Java(TM) SE Runtime Environment 19.0.2+7-44
[2023-05-12 12:30:52] Product self.product.version
[2023-05-12 12:30:52] Workspace D:\JAVA\runtime-New_configuration
[2023-05-12 12:30:52] Bundle org.eclipse.oomph.setup 1.26.0.v20230321-0741, build=5883, branch=8879c018ad1ab258e6975d90767bbf54a13964ba
[2023-05-12 12:30:52] Bundle org.eclipse.oomph.setup.core 1.27.0.v20230402-0730, build=5883, branch=8879c018ad1ab258e6975d90767bbf54a13964ba
[2023-05-12 12:30:52] Bundle org.eclipse.oomph.setup.p2 1.19.0.v20220607-1104, build=5883, branch=8879c018ad1ab258e6975d90767bbf54a13964ba
[2023-05-12 12:30:52] Performing Preference /instance/org.eclipse.e4.ui.css.swt.theme/themeid = org.eclipse.e4.ui.css.theme.e4_dark
[2023-05-12 12:30:52] Performing Preference /instance/org.eclipse.e4.ui.workbench.renderers.swt/enableMRU = true
[2023-05-12 12:30:53] Performing Preference /instance/org.eclipse.e4.ui.workbench.renderers.swt/themeEnabled = true
[2023-05-12 12:30:53] Performing Preference /instance/org.eclipse.e4.ui.workbench.renderers.swt/USE_ROUND_TABS = false
[2023-05-12 12:30:53] Performing Preference /instance/org.eclipse.ui.workbench/ColorsAndFontsPreferencePage.expandedCategories = Torg.eclipse.ui.workbenchMisc
[2023-05-12 12:30:53] Performing Preference /instance/org.eclipse.ui.workbench/ColorsAndFontsPreferencePage.selectedElement = CCONTENT_ASSIST_FOREGROUND_COLOR
[2023-05-12 12:30:53] Performing Preference /instance/org.eclipse.ui.workbench/CONTENT_ASSIST_FOREGROUND_COLOR = 255,255,255
[2023-05-12 12:30:53] Performing Preference /instance/org.eclipse.ui.workbench/org.eclipse.compare.contentmergeviewer.TextMergeViewer = 1|D2Coding|16.2|0|WINDOWS|1|-27|0|0|0|400|0|0|0|0|3|2|1|49|D2Coding;
[2023-05-12 12:30:53] Performing Preference /instance/org.eclipse.ui.workbench/org.eclipse.debug.ui.consoleFont = 1|D2Coding|16.2|0|WINDOWS|1|-27|0|0|0|400|0|0|0|0|3|2|1|49|D2Coding;
[2023-05-12 12:30:53] Performing Preference /instance/org.eclipse.ui.workbench/org.eclipse.debug.ui.DetailPaneFont = 1|D2Coding|16.2|0|WINDOWS|1|-27|0|0|0|400|0|0|0|0|3|2|1|49|D2Coding;
[2023-05-12 12:30:53] Performing Preference /instance/org.eclipse.ui.workbench/org.eclipse.debug.ui.MemoryViewTableFont = 1|D2Coding|16.2|0|WINDOWS|1|-27|0|0|0|400|0|0|0|0|3|2|1|49|D2Coding;
[2023-05-12 12:30:53] Performing Preference /instance/org.eclipse.ui.workbench/org.eclipse.egit.ui.CommitMessageEditorFont = 1|D2Coding|16.2|0|WINDOWS|1|-27|0|0|0|400|0|0|0|0|3|2|1|49|D2Coding;
[2023-05-12 12:30:53] Performing Preference /instance/org.eclipse.ui.workbench/org.eclipse.egit.ui.CommitMessageFont = 1|D2Coding|16.2|0|WINDOWS|1|-27|0|0|0|400|0|0|0|0|3|2|1|49|D2Coding;
[2023-05-12 12:30:53] Performing Preference /instance/org.eclipse.ui.workbench/org.eclipse.egit.ui.DiffHeadlineFont = 1|D2Coding|16.2|0|WINDOWS|1|-27|0|0|0|400|0|0|0|0|3|2|1|49|D2Coding;
[2023-05-12 12:30:53] Performing Preference /instance/org.eclipse.ui.workbench/org.eclipse.jdt.internal.ui.compare.JavaMergeViewer = 1|D2Coding|16.2|0|WINDOWS|1|-27|0|0|0|400|0|0|0|0|3|2|1|49|D2Coding;
[2023-05-12 12:30:53] Performing Preference /instance/org.eclipse.ui.workbench/org.eclipse.jdt.internal.ui.compare.PropertiesFileMergeViewer = 1|D2Coding|16.2|0|WINDOWS|1|-27|0|0|0|400|0|0|0|0|3|2|1|49|D2Coding;
[2023-05-12 12:30:53] Performing Preference /instance/org.eclipse.ui.workbench/org.eclipse.jdt.ui.editors.textfont = 1|D2Coding|16.2|0|WINDOWS|1|-27|0|0|0|400|0|0|0|0|3|2|1|49|D2Coding;
[2023-05-12 12:30:53] Performing Preference /instance/org.eclipse.ui.workbench/org.eclipse.jdt.ui.PropertiesFileEditor.textfont = 1|D2Coding|16.2|0|WINDOWS|1|-27|0|0|0|400|0|0|0|0|3|2|1|49|D2Coding;
[2023-05-12 12:30:53] Performing Preference /instance/org.eclipse.ui.workbench/org.eclipse.jface.textfont = 1|D2Coding|16.2|0|WINDOWS|1|-27|0|0|0|400|0|0|0|0|3|2|1|49|D2Coding;
[2023-05-12 12:30:53] Performing Preference /instance/org.eclipse.ui.workbench/org.eclipse.mylyn.wikitext.ui.presentation.textFont = 1|D2Coding|16.2|0|WINDOWS|1|-27|0|0|0|400|0|0|0|0|3|2|1|49|D2Coding;
[2023-05-12 12:30:53] Performing Preference /instance/org.eclipse.ui.workbench/org.eclipse.pde.internal.ui.compare.ManifestContentMergeViewer = 1|D2Coding|16.2|0|WINDOWS|1|-27|0|0|0|400|0|0|0|0|3|2|1|49|D2Coding;
[2023-05-12 12:30:53] Performing Preference /instance/org.eclipse.ui.workbench/org.eclipse.pde.internal.ui.compare.PluginContentMergeViewer = 1|D2Coding|16.2|0|WINDOWS|1|-27|0|0|0|400|0|0|0|0|3|2|1|49|D2Coding;
[2023-05-12 12:30:53] Performing Preference /instance/org.eclipse.ui.workbench/org.eclipse.ui.workbench.INFORMATION_FOREGROUND = 255,255,255
[2023-05-12 12:30:53] Performing Preference /instance/org.eclipse.ui.workbench/org.eclipse.wst.sse.ui.textfont = 1|D2Coding|16.2|0|WINDOWS|1|-27|0|0|0|400|0|0|0|0|3|2|1|49|D2Coding;
[2023-05-12 12:30:53] Performing Preference /instance/org.eclipse.ui.workbench/overriddenByCSS = ,org.eclipse.egit.ui.CommitMessageCommentColor,org.eclipse.egit.ui.DiffAddBackgroundColor,org.eclipse.egit.ui.DiffAddForegroundColor,org.eclipse.egit.ui.DiffHeadlineBackgroundColor,org.eclipse.egit.ui.DiffHeadlineForegroundColor,org.eclipse.egit.ui.DiffHunkBackgroundColor,org.eclipse.egit.ui.DiffHunkForegroundColor,org.eclipse.egit.ui.DiffRemoveBackgroundColor,org.eclipse.egit.ui.DiffRemoveForegroundColor,org.eclipse.egit.ui.IgnoredResourceBackgroundColor,org.eclipse.egit.ui.IgnoredResourceForegroundColor,org.eclipse.egit.ui.UncommittedChangeBackgroundColor,org.eclipse.egit.ui.UncommittedChangeForegroundColor,org.eclipse.jdt.ui.ColoredLabels.inherited,org.eclipse.jdt.ui.Javadoc.backgroundColor,org.eclipse.jdt.ui.Javadoc.foregroundColor,org.eclipse.jdt.ui.ColoredLabels.writeaccess_highlight,org.eclipse.pde.genericeditor.extension.editor.color.tag,org.eclipse.pde.genericeditor.extension.editor.color.attribute,org.eclipse.pde.genericeditor.extension.editor.color.text,org.eclipse.pde.genericeditor.extension.editor.color.header,org.eclipse.pde.genericeditor.extension.editor.color.comment,org.eclipse.pde.genericeditor.extension.editor.color.quote,ACTIVE_HYPERLINK_COLOR,CONFLICTING_COLOR,CONTENT_ASSIST_BACKGROUND_COLOR,org.eclipse.ui.workbench.INFORMATION_BACKGROUND,org.eclipse.ui.workbench.HOVER_BACKGROUND,org.eclipse.ui.workbench.HOVER_FOREGROUND,ERROR_COLOR,HYPERLINK_COLOR,INCOMING_COLOR,OUTGOING_COLOR,RESOLVED_COLOR,EDITION_COLOR,org.eclipse.search.ui.match.highlight,org.eclipse.ui.editors.rangeIndicatorColor,org.eclipse.jface.REVISION_NEWEST_COLOR,org.eclipse.jface.REVISION_OLDEST_COLOR,
[2023-05-12 12:30:53] Performing Preference /instance/org.eclipse.ui.workbench/terminal.views.view.font.definition = 1|D2Coding|16.2|0|WINDOWS|1|-27|0|0|0|400|0|0|0|0|3|2|1|49|D2Coding;
[2023-05-12 12:30:53] 
